<?xml version="1.0" encoding="UTF-8"?>
<!-- Generated by org.testng.reporters.JUnitXMLReporter -->
<testsuite ignored="0" hostname="rganjare" failures="1" tests="2" name="Command line test" time="66.884" errors="0" timestamp="2025-03-01T19:46:03 IST">
  <testcase classname="io.cucumber.testng.AbstractTestNGCucumberTests" name="runScenario" time="28.551">
    <failure type="java.lang.AssertionError" message="Your email or password is incorrect! error message is displayed expected [false] but found [true]">
      <![CDATA[java.lang.AssertionError: Your email or password is incorrect! error message is displayed expected [false] but found [true]
at pages.HomePage.verifyUserLogin(HomePage.java:85)
at stepdefinations.LoginSteps.user_should_logged_in(LoginSteps.java:45)
at ✽.user should logged in(file:///D:/BYMAT_Automation/WorkSpace/Selenium_Training_B16/Cucumber-BDD_Framework_Design/src/test/resources/features/NewUserRegistration.feature:21)
... Removed 3 stack frames]]>
    </failure>
  </testcase> <!-- runScenario -->
  <testcase classname="io.cucumber.testng.AbstractTestNGCucumberTests" name="runScenario" time="31.944"/>
</testsuite> <!-- Command line test -->
