<?xml version="1.0" encoding="UTF-8" ?>
<testsuite tests="2" failures="1" name="TestSuite" time="60.51" errors="0" skipped="0">
  <properties>
[...]
</properties>
  <testcase classname="runner.TestNG_Runner" name="runScenario" time="28.575">
    <failure message="Your email or password is incorrect! error message is displayed expected [false] but found [true]" type="java.lang.AssertionError">java.lang.AssertionError: Your email or password is incorrect! error message is displayed expected [false] but found [true]
	at org.testng.Assert.fail(Assert.java:111)
	at org.testng.Assert.failNotEquals(Assert.java:1578)
	at org.testng.Assert.assertFalse(Assert.java:79)
	at pages.HomePage.verifyUserLogin(HomePage.java:85)
	at stepdefinations.LoginSteps.user_should_logged_in(LoginSteps.java:45)
	at ✽.user should logged in(file:///D:/BYMAT_Automation/WorkSpace/Selenium_Training_B16/Cucumber-BDD_Framework_Design/src/test/resources/features/NewUserRegistration.feature:21)
</failure>
    <system-out>Configuring TestNG with: org.apache.maven.surefire.testng.conf.TestNG652Configurator@4cf4d528
Config file has been loaded
Launching the browser
Application URL loaded
Automation Exercise
user clicked on login button
user should logged in
####### Quiting the browser #####
</system-out>
    <system-err>SLF4J: Failed to load class &quot;org.slf4j.impl.StaticLoggerBinder&quot;.
SLF4J: Defaulting to no-operation (NOP) logger implementation
SLF4J: See http://www.slf4j.org/codes.html#StaticLoggerBinder for further details.
Mar 01, 2025 7:45:10 PM org.openqa.selenium.devtools.CdpVersionFinder findNearestMatch
WARNING: Unable to find an exact match for CDP version 133, returning the closest version; found: 131; Please update to a Selenium version that supports CDP version 133
</system-err>
  </testcase>
  <testcase classname="runner.TestNG_Runner" name="runScenario" time="31.935"/>
</testsuite>