<?xml version="1.0" encoding="UTF-8"?>
<!-- Generated by org.testng.reporters.JUnitReportReporter -->
<testsuite hostname="rganjare" failures="1" tests="2" name="runner.TestNG_Runner" time="60.495" errors="0" timestamp="2025-03-01T19:46:03 IST" skipped="0">
  <testcase classname="runner.TestNG_Runner" name="runScenario" time="31.944"/>
  <testcase classname="runner.TestNG_Runner" name="runScenario" time="28.551">
    <failure message="Your email or password is incorrect! error message is displayed expected [false] but found [true]" type="java.lang.AssertionError">
      <![CDATA[java.lang.AssertionError: Your email or password is incorrect! error message is displayed expected [false] but found [true]
at org.testng.Assert.fail(Assert.java:111)
at org.testng.Assert.failNotEquals(Assert.java:1578)
at org.testng.Assert.assertFalse(Assert.java:79)
at pages.HomePage.verifyUserLogin(HomePage.java:85)
at stepdefinations.LoginSteps.user_should_logged_in(LoginSteps.java:45)
at ✽.user should logged in(file:///D:/BYMAT_Automation/WorkSpace/Selenium_Training_B16/Cucumber-BDD_Framework_Design/src/test/resources/features/NewUserRegistration.feature:21)
]]>
    </failure>
  </testcase> <!-- runScenario -->
</testsuite> <!-- runner.TestNG_Runner -->
